<?xml version="1.0" encoding="UTF-8" standalone="no"?>
<testsuite failures="0" name="cucumber.runtime.formatter.JUnitFormatter" skipped="0" tests="1" time="0.025934">
<testcase classname="Login" name="Login Functionality" time="0.025934">
<system-out><![CDATA[Given user navigates to the website "google.com"............................passed
When there user logs in through Login Window by using Username as "USER" and Password as "PASSWORD".passed
Then login must be successful...............................................passed
]]></system-out>
</testcase>
</testsuite>
